<?xml version="1.0" encoding="UTF-8"?>
<!-- Generated by org.testng.reporters.JUnitXMLReporter -->
<testsuite ignored="0" hostname="LAPTOP-KQ6KACL0" failures="0" tests="3" name="Default test(failed)" time="0.264" errors="0" timestamp="2022-02-02T11:33:47 EST">
  <testcase classname="com.TestRunner.TestRunner" name="@BeforeTest launchURL" time="0.042">
    <failure type="java.lang.IllegalStateException" message="The driver executable does not exist: C:\Users\mdahm\Desktop\Faysal\Faysal\Driver97\chromedriver.exe">
      <![CDATA[java.lang.IllegalStateException: The driver executable does not exist: C:\Users\mdahm\Desktop\Faysal\Faysal\Driver97\chromedriver.exe
at com.google.common.base.Preconditions.checkState(Preconditions.java:585)
at org.openqa.selenium.remote.service.DriverService.checkExecutable(DriverService.java:137)
at org.openqa.selenium.remote.service.DriverService.findExecutable(DriverService.java:132)
at org.openqa.selenium.chrome.ChromeDriverService.access$000(ChromeDriverService.java:35)
at org.openqa.selenium.chrome.ChromeDriverService$Builder.findDefaultExecutable(ChromeDriverService.java:156)
at org.openqa.selenium.remote.service.DriverService$Builder.build(DriverService.java:346)
at org.openqa.selenium.chrome.ChromeDriverService.createDefaultService(ChromeDriverService.java:91)
at org.openqa.selenium.chrome.ChromeDriver.<init>(ChromeDriver.java:123)
at com.Utility.Parent_Base.browserinti(Parent_Base.java:42)
at com.TestRunner.TestRunner.launchURL(TestRunner.java:22)
... Removed 24 stack frames]]>
    </failure>
  </testcase> <!-- @BeforeTest launchURL -->
  <testcase classname="com.TestRunner.TestRunner" name="@AfterTest closeURL" time="-1.643819627693E9">
    <skipped/>
  </testcase> <!-- @AfterTest closeURL -->
  <testcase classname="cucumber.api.testng.AbstractTestNGCucumberTests" name="feature" time="0.0">
    <skipped/>
  </testcase> <!-- feature -->
  <testcase classname="cucumber.api.testng.AbstractTestNGCucumberTests" name="feature" time="0.0">
    <skipped/>
  </testcase> <!-- feature -->
  <testcase classname="cucumber.api.testng.AbstractTestNGCucumberTests" name="feature" time="0.0">
    <skipped/>
  </testcase> <!-- feature -->
</testsuite> <!-- Default test(failed) -->
